<!doctype html>
<html lang="">
<head>
    <meta charset="UTF-8">
    <meta name="viewport"
          content="width=device-width, user-scalable=no, initial-scale=1.0, maximum-scale=1.0, minimum-scale=1.0">
    <meta http-equiv="X-UA-Compatible" content="ie=edge">
    <title>Test Results Report - Length Test</title>

    <link href="reportng.css" rel="stylesheet" type="text/css"/>
</head>
<body>
<div id="meta">
Generated by <a href="http://www.testng.org" target="_blank">TestNG</a> with <a href="https://github.com/testng-team/reportng" target="_blank">ReportNG</a>
at ١٢:٢٨ EEST on الثلاثاء ٠٣ أكتوبر ٢٠٢٣
    <br/><span
    id="systemInfo">LT@DESKTOP-IOQAN42&nbsp;/&nbsp;Java 21 (Oracle Corporation)&nbsp;/&nbsp;Windows 10 10.0 (amd64)</span>
</div>
<h1>Length Test</h1>

<p>
    <a href="index.html">Suites</a>
        &#183; <a href="output.html">Log Output</a>
</p>

<p>Test duration
    : ٠٫٠٢٠s</p>


    <table class="resultsTable">
        <tr>
            <th colspan="3" class="header failed">Failed Tests</th>
        </tr>
            <tr>
                <td class="group" colspan="3">LengthStringTest</td>
            </tr>
    <tr>
        <td class="method">
                testDivision6
        </td>
        <td class="duration">
            ٠٫٠٠٢s
        </td>
        <td class="result">
            <!-- Display the dependencies for skipped test methods -->


            <!-- Show logger output for the test -->

                <a href="javascript:toggleElement('exception-٠', 'block')"
                   title="Click to expand/collapse">
                    <b>java.lang.AssertionError: expected [true] but found [false]</b>
                </a>
                <br/>
                <div class="stackTrace" id="exception-٠">
                        org.testng.Assert.fail(Assert.java:110)<br/>
                        org.testng.Assert.failNotEquals(Assert.java:1577)<br/>
                        org.testng.Assert.assertTrue(Assert.java:56)<br/>
                        org.testng.Assert.assertTrue(Assert.java:66)<br/>
                        LengthStringTest.testDivision6(LengthStringTest.java:27)<br/>
                        java.base/jdk.internal.reflect.DirectMethodHandleAccessor.invoke(DirectMethodHandleAccessor.java:103)<br/>
                        java.base/java.lang.reflect.Method.invoke(Method.java:580)<br/>
                        org.testng.internal.invokers.MethodInvocationHelper.invokeMethod(MethodInvocationHelper.java:139)<br/>
                        org.testng.internal.invokers.TestInvoker.invokeMethod(TestInvoker.java:677)<br/>
                        org.testng.internal.invokers.TestInvoker.invokeTestMethod(TestInvoker.java:221)<br/>
                        org.testng.internal.invokers.MethodRunner.runInSequence(MethodRunner.java:50)<br/>
                        org.testng.internal.invokers.TestInvoker$MethodInvocationAgent.invoke(TestInvoker.java:969)<br/>
                        org.testng.internal.invokers.TestInvoker.invokeTestMethods(TestInvoker.java:194)<br/>
                        org.testng.internal.invokers.TestMethodWorker.invokeTestMethods(TestMethodWorker.java:148)<br/>
                        org.testng.internal.invokers.TestMethodWorker.run(TestMethodWorker.java:128)<br/>
                        java.base/java.util.ArrayList.forEach(ArrayList.java:1596)<br/>
                        org.testng.TestRunner.privateRun(TestRunner.java:829)<br/>
                        org.testng.TestRunner.run(TestRunner.java:602)<br/>
                        org.testng.SuiteRunner.runTest(SuiteRunner.java:437)<br/>
                        org.testng.SuiteRunner.runSequentially(SuiteRunner.java:431)<br/>
                        org.testng.SuiteRunner.privateRun(SuiteRunner.java:391)<br/>
                        org.testng.SuiteRunner.run(SuiteRunner.java:330)<br/>
                        org.testng.SuiteRunnerWorker.runSuite(SuiteRunnerWorker.java:52)<br/>
                        org.testng.SuiteRunnerWorker.run(SuiteRunnerWorker.java:95)<br/>
                        org.testng.TestNG.runSuitesSequentially(TestNG.java:1256)<br/>
                        org.testng.TestNG.runSuitesLocally(TestNG.java:1176)<br/>
                        org.testng.TestNG.runSuites(TestNG.java:1099)<br/>
                        org.testng.TestNG.run(TestNG.java:1067)<br/>
                        com.intellij.rt.testng.IDEARemoteTestNG.run(IDEARemoteTestNG.java:66)<br/>
                        com.intellij.rt.testng.RemoteTestNGStarter.main(RemoteTestNGStarter.java:105)<br/>
                </div>
        </td>
    </tr>
    <tr>
        <td class="method">
                testDivision7
        </td>
        <td class="duration">
            ٠٫٠٠١s
        </td>
        <td class="result">
            <!-- Display the dependencies for skipped test methods -->


            <!-- Show logger output for the test -->

                <a href="javascript:toggleElement('exception-١', 'block')"
                   title="Click to expand/collapse">
                    <b>java.lang.AssertionError: expected [true] but found [false]</b>
                </a>
                <br/>
                <div class="stackTrace" id="exception-١">
                        org.testng.Assert.fail(Assert.java:110)<br/>
                        org.testng.Assert.failNotEquals(Assert.java:1577)<br/>
                        org.testng.Assert.assertTrue(Assert.java:56)<br/>
                        org.testng.Assert.assertTrue(Assert.java:66)<br/>
                        LengthStringTest.testDivision7(LengthStringTest.java:32)<br/>
                        java.base/jdk.internal.reflect.DirectMethodHandleAccessor.invoke(DirectMethodHandleAccessor.java:103)<br/>
                        java.base/java.lang.reflect.Method.invoke(Method.java:580)<br/>
                        org.testng.internal.invokers.MethodInvocationHelper.invokeMethod(MethodInvocationHelper.java:139)<br/>
                        org.testng.internal.invokers.TestInvoker.invokeMethod(TestInvoker.java:677)<br/>
                        org.testng.internal.invokers.TestInvoker.invokeTestMethod(TestInvoker.java:221)<br/>
                        org.testng.internal.invokers.MethodRunner.runInSequence(MethodRunner.java:50)<br/>
                        org.testng.internal.invokers.TestInvoker$MethodInvocationAgent.invoke(TestInvoker.java:969)<br/>
                        org.testng.internal.invokers.TestInvoker.invokeTestMethods(TestInvoker.java:194)<br/>
                        org.testng.internal.invokers.TestMethodWorker.invokeTestMethods(TestMethodWorker.java:148)<br/>
                        org.testng.internal.invokers.TestMethodWorker.run(TestMethodWorker.java:128)<br/>
                        java.base/java.util.ArrayList.forEach(ArrayList.java:1596)<br/>
                        org.testng.TestRunner.privateRun(TestRunner.java:829)<br/>
                        org.testng.TestRunner.run(TestRunner.java:602)<br/>
                        org.testng.SuiteRunner.runTest(SuiteRunner.java:437)<br/>
                        org.testng.SuiteRunner.runSequentially(SuiteRunner.java:431)<br/>
                        org.testng.SuiteRunner.privateRun(SuiteRunner.java:391)<br/>
                        org.testng.SuiteRunner.run(SuiteRunner.java:330)<br/>
                        org.testng.SuiteRunnerWorker.runSuite(SuiteRunnerWorker.java:52)<br/>
                        org.testng.SuiteRunnerWorker.run(SuiteRunnerWorker.java:95)<br/>
                        org.testng.TestNG.runSuitesSequentially(TestNG.java:1256)<br/>
                        org.testng.TestNG.runSuitesLocally(TestNG.java:1176)<br/>
                        org.testng.TestNG.runSuites(TestNG.java:1099)<br/>
                        org.testng.TestNG.run(TestNG.java:1067)<br/>
                        com.intellij.rt.testng.IDEARemoteTestNG.run(IDEARemoteTestNG.java:66)<br/>
                        com.intellij.rt.testng.RemoteTestNGStarter.main(RemoteTestNGStarter.java:105)<br/>
                </div>
        </td>
    </tr>
    </table>


    <table class="resultsTable" width="100%">
        <tr>
            <th colspan="3" class="header passed">Passed Tests</th>
        </tr>
            <tr>
                <td class="group" colspan="3">LengthStringTest</td>
            </tr>
    <tr>
        <td class="method">
                testDivision8
        </td>
        <td class="duration">
            ٠٫٠٠٢s
        </td>
        <td class="result">
            <!-- Display the dependencies for skipped test methods -->


            <!-- Show logger output for the test -->

        </td>
    </tr>
    <tr>
        <td class="method">
                testGetLength
        </td>
        <td class="duration">
            ٠٫٠٠١s
        </td>
        <td class="result">
            <!-- Display the dependencies for skipped test methods -->

                <i>Method arguments: </i>
                <span class="arguments">
                    " ", 0
                </span>
                <br/>

            <!-- Show logger output for the test -->

        </td>
    </tr>
    <tr>
        <td class="method">
                testGetLength
        </td>
        <td class="duration">
            ٠٫٠٠١s
        </td>
        <td class="result">
            <!-- Display the dependencies for skipped test methods -->

                <i>Method arguments: </i>
                <span class="arguments">
                    "", 0
                </span>
                <br/>

            <!-- Show logger output for the test -->

        </td>
    </tr>
    <tr>
        <td class="method">
                testGetLength
        </td>
        <td class="duration">
            ٠٫٠٠٩s
        </td>
        <td class="result">
            <!-- Display the dependencies for skipped test methods -->

                <i>Method arguments: </i>
                <span class="arguments">
                    "Nour", 4
                </span>
                <br/>

            <!-- Show logger output for the test -->

        </td>
    </tr>
    <tr>
        <td class="method">
                testGetLength
        </td>
        <td class="duration">
            ٠٫٠٠١s
        </td>
        <td class="result">
            <!-- Display the dependencies for skipped test methods -->

                <i>Method arguments: </i>
                <span class="arguments">
                    " Nour ", 4
                </span>
                <br/>

            <!-- Show logger output for the test -->

        </td>
    </tr>
    <tr>
        <td class="method">
                testGetLength
        </td>
        <td class="duration">
            ٠٫٠٠١s
        </td>
        <td class="result">
            <!-- Display the dependencies for skipped test methods -->

                <i>Method arguments: </i>
                <span class="arguments">
                    "No a ur", 7
                </span>
                <br/>

            <!-- Show logger output for the test -->

        </td>
    </tr>
    <tr>
        <td class="method">
                testGetLength
        </td>
        <td class="duration">
            ٠٫٠٠٢s
        </td>
        <td class="result">
            <!-- Display the dependencies for skipped test methods -->

                <i>Method arguments: </i>
                <span class="arguments">
                    " Nour", 4
                </span>
                <br/>

            <!-- Show logger output for the test -->

        </td>
    </tr>
    </table>

<script type="text/javascript" src="reportng.js"></script>
</body>
